<?xml version="1.0" encoding="UTF-8"?>
<testng-results ignored="0" total="1" passed="1" failed="0" skipped="0">
  <reporter-output>
  </reporter-output>
  <suite started-at="2024-07-05T17:06:41 IST" name="Default suite" finished-at="2024-07-05T17:06:45 IST" duration-ms="4005">
    <groups>
    </groups>
    <test started-at="2024-07-05T17:06:41 IST" name="Default test" finished-at="2024-07-05T17:06:45 IST" duration-ms="4005">
      <class name="com.APITesting.JSONSchemaValidator">
        <test-method signature="testget()[pri:0, instance:com.APITesting.JSONSchemaValidator@7f0eb4b4]" started-at="2024-07-05T17:06:41 IST" name="testget" finished-at="2024-07-05T17:06:45 IST" duration-ms="3912" status="PASS">
          <reporter-output>
          </reporter-output>
        </test-method> <!-- testget -->
      </class> <!-- com.APITesting.JSONSchemaValidator -->
    </test> <!-- Default test -->
  </suite> <!-- Default suite -->
</testng-results>
